[16:16:45] [main/INFO]: Using mbed TLS based native cipher.
[16:16:45] [main/INFO]: Using zlib based native compressor.
[16:16:45] [main/INFO]: Enabled Waterfall version git:Waterfall-Bootstrap:1.19-R0.1-SNAPSHOT:f6069e2:513
[16:16:45] [main/INFO]: Not on Windows, attempting to use enhanced EpollEventLoop
[16:16:45] [main/INFO]: Epoll is working, utilising it!
[16:16:45] [main/INFO]: Discovered module: ModuleSpec(name=cmd_alert, file=modules/cmd_alert.jar, provider=JenkinsModuleSource())
[16:16:45] [main/INFO]: Discovered module: ModuleSpec(name=cmd_find, file=modules/cmd_find.jar, provider=JenkinsModuleSource())
[16:16:45] [main/INFO]: Discovered module: ModuleSpec(name=cmd_list, file=modules/cmd_list.jar, provider=JenkinsModuleSource())
[16:16:45] [main/INFO]: Discovered module: ModuleSpec(name=cmd_send, file=modules/cmd_send.jar, provider=JenkinsModuleSource())
[16:16:45] [main/INFO]: Discovered module: ModuleSpec(name=cmd_server, file=modules/cmd_server.jar, provider=JenkinsModuleSource())
[16:16:45] [main/INFO]: Discovered module: ModuleSpec(name=reconnect_yaml, file=modules/reconnect_yaml.jar, provider=JenkinsModuleSource())
[16:16:45] [main/INFO]: Attempting to update plugin from null to ModuleVersion(build=513, git=f6069e2)
[16:16:45] [main/INFO]: Attempting to Jenkins download module cmd_alert v513
[16:16:46] [main/INFO]: Download complete
[16:16:46] [main/INFO]: Attempting to update plugin from null to ModuleVersion(build=513, git=f6069e2)
[16:16:46] [main/INFO]: Attempting to Jenkins download module cmd_find v513
[16:16:46] [main/INFO]: Download complete
[16:16:46] [main/INFO]: Attempting to update plugin from null to ModuleVersion(build=513, git=f6069e2)
[16:16:46] [main/INFO]: Attempting to Jenkins download module cmd_list v513
[16:16:46] [main/INFO]: Download complete
[16:16:46] [main/INFO]: Attempting to update plugin from null to ModuleVersion(build=513, git=f6069e2)
[16:16:46] [main/INFO]: Attempting to Jenkins download module cmd_send v513
[16:16:46] [main/INFO]: Download complete
[16:16:46] [main/INFO]: Attempting to update plugin from null to ModuleVersion(build=513, git=f6069e2)
[16:16:46] [main/INFO]: Attempting to Jenkins download module cmd_server v513
[16:16:46] [main/INFO]: Download complete
[16:16:46] [main/INFO]: Attempting to update plugin from null to ModuleVersion(build=513, git=f6069e2)
[16:16:46] [main/INFO]: Attempting to Jenkins download module reconnect_yaml v513
[16:16:46] [main/INFO]: Download complete
[16:16:46] [main/INFO]: Loaded plugin reconnect_yaml version git:reconnect_yaml:1.19-R0.1-SNAPSHOT:f6069e2:513 by WaterfallMC
[16:16:46] [main/INFO]: Loaded plugin cmd_find version git:cmd_find:1.19-R0.1-SNAPSHOT:f6069e2:513 by WaterfallMC
[16:16:46] [main/INFO]: Loaded plugin cmd_server version git:cmd_server:1.19-R0.1-SNAPSHOT:f6069e2:513 by WaterfallMC
[16:16:46] [main/INFO]: Loaded plugin cmd_alert version git:cmd_alert:1.19-R0.1-SNAPSHOT:f6069e2:513 by WaterfallMC
[16:16:46] [main/INFO]: Loaded plugin cmd_send version git:cmd_send:1.19-R0.1-SNAPSHOT:f6069e2:513 by WaterfallMC
[16:16:46] [main/INFO]: Loaded plugin cmd_list version git:cmd_list:1.19-R0.1-SNAPSHOT:f6069e2:513 by WaterfallMC
[16:16:46] [main/WARN]: :>:>:>:>:>:>:>:>:>:>:>:>:>:>:>:>:>:>:>:>:>:>:>
[16:16:46] [main/WARN]: :>  
[16:16:46] [main/WARN]: :>      EAGLERCRAFTXBUNGEE WARNING:
[16:16:46] [main/WARN]: :>  
[16:16:46] [main/WARN]: :>  This plugin wasn't tested to be 'working'
[16:16:46] [main/WARN]: :>  with ANY version of BungeeCord (and forks)
[16:16:46] [main/WARN]: :>  apart from the versions listed below:
[16:16:46] [main/WARN]: :>  
[16:16:46] [main/WARN]: :>  - BungeeCord: 1.20-R0.3-SNAPSHOT:eda268b:1797
[16:16:46] [main/WARN]: :>  - Waterfall: 1.20-R0.2-SNAPSHOT:92b5149:562
[16:16:46] [main/WARN]: :>  - FlameCord: 1.1.1
[16:16:46] [main/WARN]: :>  
[16:16:46] [main/WARN]: :>  This is not a Bukkit/Spigot plugin!
[16:16:46] [main/WARN]: :>  
[16:16:46] [main/WARN]: :>  Use "-Deaglerxbungee.stfu=true" to hide
[16:16:46] [main/WARN]: :>  
[16:16:46] [main/WARN]: :>:>:>:>:>:>:>:>:>:>:>:>:>:>:>:>:>:>:>:>:>:>:>
[16:16:46] [main/INFO] [EaglercraftXBungee]: Loading vanilla profile: lax1dude
[16:16:47] [Skin Download Thread #1/INFO] [EaglercraftXBungee]: Loaded vanilla profile: lax1dude
[16:16:47] [main/INFO]: Loaded plugin EaglercraftXBungee version 1.0.10 by lax1dude
[16:16:47] [main/WARN]: Forced host server pvp is not defined
[16:16:47] [main/INFO]: Enabled plugin reconnect_yaml version git:reconnect_yaml:1.19-R0.1-SNAPSHOT:f6069e2:513 by WaterfallMC
[16:16:47] [main/INFO]: Enabled plugin cmd_find version git:cmd_find:1.19-R0.1-SNAPSHOT:f6069e2:513 by WaterfallMC
[16:16:47] [main/INFO]: Enabled plugin cmd_server version git:cmd_server:1.19-R0.1-SNAPSHOT:f6069e2:513 by WaterfallMC
[16:16:47] [main/INFO]: Enabled plugin cmd_alert version git:cmd_alert:1.19-R0.1-SNAPSHOT:f6069e2:513 by WaterfallMC
[16:16:47] [main/INFO]: Enabled plugin cmd_send version git:cmd_send:1.19-R0.1-SNAPSHOT:f6069e2:513 by WaterfallMC
[16:16:47] [main/INFO]: Enabled plugin cmd_list version git:cmd_list:1.19-R0.1-SNAPSHOT:f6069e2:513 by WaterfallMC
[16:16:47] [main/ERROR] [EaglercraftXBungee]: Online mode is set to false! Authentication system has been disabled
[16:16:47] [Netty Worker IO Thread #0/INFO] [EaglercraftXBungee]: Eaglercraft is listening on: /0.0.0.0:8081
[16:16:47] [main/INFO] [EaglercraftXBungee]: Downloading from maven: https://repo1.maven.org/maven2/org/xerial/sqlite-jdbc/3.45.0.0/sqlite-jdbc-3.45.0.0.jar
[16:16:48] [EaglerXBungee: Network Tick Tasks/INFO] [EaglercraftXBungee]: Downloading new certificate: https://eaglercraft.com/backup.cert
[16:16:48] [EaglerXBungee: Network Tick Tasks/INFO] [EaglercraftXBungee]: Loaded certificate: /workspaces/reneur17-server/bungee/plugins/EaglercraftXBungee/eagcert/$dl.36f4cf2b9f9f3eb802b83ceecd0083b45c6001f9.cert
[16:16:50] [main/INFO] [EaglercraftXBungee]: Connected to database: jdbc:sqlite:eaglercraft_skins_cache.db
[16:16:50] [main/INFO]: Enabled plugin EaglercraftXBungee version 1.0.10 by lax1dude
[16:16:50] [Netty Boss IO Thread #0/INFO]: Listening on /127.0.0.1:25577
[16:22:19] [Netty Worker IO Thread #3/WARN] [EaglercraftXBungee]: Server icon is not a file: /workspaces/reneur17-server/bungee/server-icon.png
[16:22:23] [Netty Worker IO Thread #0/INFO] [EaglercraftXBungee]: [/[0:0:0:0:0:0:0:1%0]:46934]: Connected via websocket
[16:22:23] [Netty Worker IO Thread #0/INFO] [EaglercraftXBungee]: [/[0:0:0:0:0:0:0:1%0]:46934]: Origin header is https://eaglercraftonline.github.io
[16:22:24] [Netty Worker IO Thread #0/INFO] [EaglercraftXBungee]: [/[0:0:0:0:0:0:0:1%0]:46934]: Logged in as 'reneur17'
[16:22:24] [Netty Worker IO Thread #0/INFO]: [/[0:0:0:0:0:0:0:1%0]:46934|reneur17] -> UpstreamBridge has connected
[16:22:24] [Netty Worker IO Thread #0/INFO]: [reneur17|/[0:0:0:0:0:0:0:1%0]:46934] <-> ServerConnector [lobby] has connected
[16:22:54] [Netty Worker IO Thread #0/INFO]: [reneur17] disconnected with: Login timed out!
[16:22:54] [Netty Worker IO Thread #0/INFO]: [/[0:0:0:0:0:0:0:1%0]:46934|reneur17] -> UpstreamBridge has disconnected
[16:22:54] [Netty Worker IO Thread #0/INFO]: [/[0:0:0:0:0:0:0:1%0]:46934|reneur17] <-> DownstreamBridge <-> [lobby] has disconnected
[16:23:15] [Netty Worker IO Thread #1/INFO] [EaglercraftXBungee]: [/[0:0:0:0:0:0:0:1%0]:57318]: Connected via websocket
[16:23:15] [Netty Worker IO Thread #1/INFO] [EaglercraftXBungee]: [/[0:0:0:0:0:0:0:1%0]:57318]: Origin header is https://eaglercraftonline.github.io
[16:23:16] [Netty Worker IO Thread #1/INFO] [EaglercraftXBungee]: [/[0:0:0:0:0:0:0:1%0]:57318]: Logged in as 'reneur17'
[16:23:16] [Netty Worker IO Thread #1/INFO]: [/[0:0:0:0:0:0:0:1%0]:57318|reneur17] -> UpstreamBridge has connected
[16:23:16] [Netty Worker IO Thread #1/INFO]: [reneur17|/[0:0:0:0:0:0:0:1%0]:57318] <-> ServerConnector [lobby] has connected
[16:27:36] [Netty Worker IO Thread #1/INFO]: [/[0:0:0:0:0:0:0:1%0]:57318|reneur17] -> UpstreamBridge has disconnected
[16:27:36] [Netty Worker IO Thread #1/INFO]: [reneur17] disconnected with: Proxy lost connection to server.
[16:27:36] [Netty Worker IO Thread #1/INFO]: [/[0:0:0:0:0:0:0:1%0]:57318|reneur17] <-> DownstreamBridge <-> [lobby] has disconnected
[16:29:23] [Netty Worker IO Thread #1/INFO] [EaglercraftXBungee]: [/[0:0:0:0:0:0:0:1%0]:40564]: Connected via websocket
[16:29:23] [Netty Worker IO Thread #1/INFO] [EaglercraftXBungee]: [/[0:0:0:0:0:0:0:1%0]:40564]: Origin header is https://eaglercraftonline.github.io
[16:29:23] [Netty Worker IO Thread #1/INFO] [EaglercraftXBungee]: [/[0:0:0:0:0:0:0:1%0]:40564]: Logged in as 'reneur17'
[16:29:23] [Netty Worker IO Thread #1/INFO]: [/[0:0:0:0:0:0:0:1%0]:40564|reneur17] -> UpstreamBridge has connected
[16:29:23] [Netty Worker IO Thread #1/INFO]: [reneur17|/[0:0:0:0:0:0:0:1%0]:40564] <-> ServerConnector [lobby] has connected
[16:29:53] [Netty Worker IO Thread #1/INFO]: [reneur17] disconnected with: Login timed out!
[16:29:53] [Netty Worker IO Thread #1/INFO]: [/[0:0:0:0:0:0:0:1%0]:40564|reneur17] -> UpstreamBridge has disconnected
[16:29:53] [Netty Worker IO Thread #1/INFO]: [/[0:0:0:0:0:0:0:1%0]:40564|reneur17] <-> DownstreamBridge <-> [lobby] has disconnected
[16:29:57] [Netty Worker IO Thread #2/INFO] [EaglercraftXBungee]: [/[0:0:0:0:0:0:0:1%0]:36020]: Connected via websocket
[16:29:57] [Netty Worker IO Thread #2/INFO] [EaglercraftXBungee]: [/[0:0:0:0:0:0:0:1%0]:36020]: Origin header is https://eaglercraftonline.github.io
[16:29:58] [Netty Worker IO Thread #2/INFO] [EaglercraftXBungee]: [/[0:0:0:0:0:0:0:1%0]:36020]: Logged in as 'reneur17'
[16:29:58] [Netty Worker IO Thread #2/INFO]: [/[0:0:0:0:0:0:0:1%0]:36020|reneur17] -> UpstreamBridge has connected
[16:29:58] [Netty Worker IO Thread #2/INFO]: [reneur17|/[0:0:0:0:0:0:0:1%0]:36020] <-> ServerConnector [lobby] has connected
[16:38:24] [Netty Worker IO Thread #2/INFO]: [/[0:0:0:0:0:0:0:1%0]:36020|reneur17] -> UpstreamBridge has disconnected
[16:38:24] [Netty Worker IO Thread #2/INFO]: [reneur17] disconnected with: Proxy lost connection to server.
[16:38:24] [Netty Worker IO Thread #2/INFO]: [/[0:0:0:0:0:0:0:1%0]:36020|reneur17] <-> DownstreamBridge <-> [lobby] has disconnected
